[2026-03-02T15:24:55.737Z] PENDING: [{"file":"spinat_verdil_.json","name":"Spinat Verdil "}]
[2026-03-02T15:25:25.745Z] PENDING: [{"file":"spinat_verdil_.json","name":"Spinat Verdil "}]
[2026-03-02T15:25:55.749Z] PENDING: [{"file":"spinat_verdil_.json","name":"Spinat Verdil "}]
[2026-03-02T15:26:25.759Z] PENDING: [{"file":"spinat_verdil_.json","name":"Spinat Verdil "}]
[2026-03-02T15:26:55.759Z] PENDING: [{"file":"spinat_verdil_.json","name":"Spinat Verdil "}]
[2026-03-03T09:13:40.974Z] PENDING: [{"file":"knollenfenchel__bingenheim_.json","name":"Knollenfenchel (Bingenheim)"}]
[2026-03-03T09:14:10.990Z] PENDING: [{"file":"knollenfenchel__bingenheim_.json","name":"Knollenfenchel (Bingenheim)"}]
[2026-03-29T13:00:05.216Z] PENDING: [{"file":"rosenkohl_idemar__bingenheimer_.json","name":"Rosenkohl Idemar (Bingenheimer)"}]
[2026-03-29T13:00:35.217Z] PENDING: [{"file":"rosenkohl_idemar__bingenheimer_.json","name":"Rosenkohl Idemar (Bingenheimer)"}]
[2026-03-29T13:01:05.220Z] PENDING: [{"file":"rosenkohl_idemar__bingenheimer_.json","name":"Rosenkohl Idemar (Bingenheimer)"}]
[2026-03-29T13:01:35.229Z] PENDING: [{"file":"rosenkohl_idemar__bingenheimer_.json","name":"Rosenkohl Idemar (Bingenheimer)"}]
[2026-03-29T13:02:05.233Z] PENDING: [{"file":"rosenkohl_idemar__bingenheimer_.json","name":"Rosenkohl Idemar (Bingenheimer)"}]
[2026-03-29T13:02:35.239Z] PENDING: [{"file":"rosenkohl_idemar__bingenheimer_.json","name":"Rosenkohl Idemar (Bingenheimer)"}]
[2026-03-29T13:03:05.243Z] PENDING: [{"file":"rosenkohl_idemar__bingenheimer_.json","name":"Rosenkohl Idemar (Bingenheimer)"}]
[2026-03-29T13:03:35.255Z] PENDING: [{"file":"rosenkohl_idemar__bingenheimer_.json","name":"Rosenkohl Idemar (Bingenheimer)"}]
[2026-03-29T13:04:05.263Z] PENDING: [{"file":"rosenkohl_idemar__bingenheimer_.json","name":"Rosenkohl Idemar (Bingenheimer)"}]
[2026-03-29T13:04:35.263Z] PENDING: [{"file":"rosenkohl_idemar__bingenheimer_.json","name":"Rosenkohl Idemar (Bingenheimer)"}]
[2026-03-29T13:05:05.275Z] PENDING: [{"file":"rosenkohl_idemar__bingenheimer_.json","name":"Rosenkohl Idemar (Bingenheimer)"}]
[2026-03-29T13:05:35.290Z] PENDING: [{"file":"rosenkohl_idemar__bingenheimer_.json","name":"Rosenkohl Idemar (Bingenheimer)"}]
[2026-03-29T13:06:05.288Z] PENDING: [{"file":"rosenkohl_idemar__bingenheimer_.json","name":"Rosenkohl Idemar (Bingenheimer)"}]
[2026-03-29T13:06:35.289Z] PENDING: [{"file":"rosenkohl_idemar__bingenheimer_.json","name":"Rosenkohl Idemar (Bingenheimer)"}]
[2026-03-29T13:07:05.303Z] PENDING: [{"file":"rosenkohl_idemar__bingenheimer_.json","name":"Rosenkohl Idemar (Bingenheimer)"}]
[2026-03-29T13:07:35.305Z] PENDING: [{"file":"rosenkohl_idemar__bingenheimer_.json","name":"Rosenkohl Idemar (Bingenheimer)"}]
[2026-03-29T13:08:05.315Z] PENDING: [{"file":"rosenkohl_idemar__bingenheimer_.json","name":"Rosenkohl Idemar (Bingenheimer)"}]
[2026-03-29T13:08:35.319Z] PENDING: [{"file":"rosenkohl_idemar__bingenheimer_.json","name":"Rosenkohl Idemar (Bingenheimer)"}]
[2026-03-29T13:09:05.332Z] PENDING: [{"file":"rosenkohl_idemar__bingenheimer_.json","name":"Rosenkohl Idemar (Bingenheimer)"}]
[2026-03-29T13:09:35.346Z] PENDING: [{"file":"rosenkohl_idemar__bingenheimer_.json","name":"Rosenkohl Idemar (Bingenheimer)"}]
[2026-03-29T13:10:05.347Z] PENDING: [{"file":"rosenkohl_idemar__bingenheimer_.json","name":"Rosenkohl Idemar (Bingenheimer)"}]
[2026-03-29T13:10:35.365Z] PENDING: [{"file":"rosenkohl_idemar__bingenheimer_.json","name":"Rosenkohl Idemar (Bingenheimer)"}]
[2026-03-29T13:11:05.374Z] PENDING: [{"file":"rosenkohl_idemar__bingenheimer_.json","name":"Rosenkohl Idemar (Bingenheimer)"}]
[2026-03-29T13:11:35.385Z] PENDING: [{"file":"rosenkohl_idemar__bingenheimer_.json","name":"Rosenkohl Idemar (Bingenheimer)"}]
[2026-03-29T13:12:05.398Z] PENDING: [{"file":"rosenkohl_idemar__bingenheimer_.json","name":"Rosenkohl Idemar (Bingenheimer)"}]
[2026-03-29T13:12:35.405Z] PENDING: [{"file":"rosenkohl_idemar__bingenheimer_.json","name":"Rosenkohl Idemar (Bingenheimer)"}]
[2026-03-29T13:13:05.413Z] PENDING: [{"file":"rosenkohl_idemar__bingenheimer_.json","name":"Rosenkohl Idemar (Bingenheimer)"}]
[2026-03-29T13:13:35.423Z] PENDING: [{"file":"rosenkohl_idemar__bingenheimer_.json","name":"Rosenkohl Idemar (Bingenheimer)"}]
[2026-03-29T13:14:05.430Z] PENDING: [{"file":"rosenkohl_idemar__bingenheimer_.json","name":"Rosenkohl Idemar (Bingenheimer)"}]
[2026-03-29T13:14:35.451Z] PENDING: [{"file":"rosenkohl_idemar__bingenheimer_.json","name":"Rosenkohl Idemar (Bingenheimer)"}]
[2026-03-29T13:15:05.452Z] PENDING: [{"file":"rosenkohl_idemar__bingenheimer_.json","name":"Rosenkohl Idemar (Bingenheimer)"}]
[2026-03-29T13:15:35.463Z] PENDING: [{"file":"rosenkohl_idemar__bingenheimer_.json","name":"Rosenkohl Idemar (Bingenheimer)"}]
[2026-03-29T13:16:05.463Z] PENDING: [{"file":"rosenkohl_idemar__bingenheimer_.json","name":"Rosenkohl Idemar (Bingenheimer)"}]
[2026-03-29T13:16:35.463Z] PENDING: [{"file":"rosenkohl_idemar__bingenheimer_.json","name":"Rosenkohl Idemar (Bingenheimer)"}]
[2026-03-29T13:17:05.478Z] PENDING: [{"file":"asia_salat_mischung.json","name":"Asia-Salat Mischung"},{"file":"rosenkohl_idemar__bingenheimer_.json","name":"Rosenkohl Idemar (Bingenheimer)"}]
[2026-03-29T13:17:35.486Z] PENDING: [{"file":"asia_salat_mischung.json","name":"Asia-Salat Mischung"},{"file":"rosenkohl_idemar__bingenheimer_.json","name":"Rosenkohl Idemar (Bingenheimer)"}]
[2026-03-29T13:18:05.503Z] PENDING: [{"file":"asia_salat_mischung.json","name":"Asia-Salat Mischung"},{"file":"rosenkohl_idemar__bingenheimer_.json","name":"Rosenkohl Idemar (Bingenheimer)"}]
[2026-03-29T13:18:35.506Z] PENDING: [{"file":"asia_salat_mischung.json","name":"Asia-Salat Mischung"},{"file":"rosenkohl_idemar__bingenheimer_.json","name":"Rosenkohl Idemar (Bingenheimer)"}]
[2026-03-29T13:19:05.509Z] PENDING: [{"file":"rosenkohl_idemar__bingenheimer_.json","name":"Rosenkohl Idemar (Bingenheimer)"}]
[2026-03-29T13:19:35.515Z] PENDING: [{"file":"rosenkohl_idemar__bingenheimer_.json","name":"Rosenkohl Idemar (Bingenheimer)"}]
[2026-03-29T13:20:05.528Z] PENDING: [{"file":"rosenkohl_idemar__bingenheimer_.json","name":"Rosenkohl Idemar (Bingenheimer)"}]
[2026-03-29T13:20:35.544Z] PENDING: [{"file":"rosenkohl_idemar__bingenheimer_.json","name":"Rosenkohl Idemar (Bingenheimer)"}]
[2026-03-29T13:21:05.552Z] PENDING: [{"file":"rosenkohl_idemar__bingenheimer_.json","name":"Rosenkohl Idemar (Bingenheimer)"}]
[2026-03-29T13:21:35.560Z] PENDING: [{"file":"rosenkohl_idemar__bingenheimer_.json","name":"Rosenkohl Idemar (Bingenheimer)"}]
[2026-03-29T13:22:05.571Z] PENDING: [{"file":"rosenkohl_idemar__bingenheimer_.json","name":"Rosenkohl Idemar (Bingenheimer)"}]
[2026-03-29T13:22:35.580Z] PENDING: [{"file":"rosenkohl_idemar__bingenheimer_.json","name":"Rosenkohl Idemar (Bingenheimer)"}]
[2026-03-29T13:23:05.580Z] PENDING: [{"file":"rosenkohl_idemar__bingenheimer_.json","name":"Rosenkohl Idemar (Bingenheimer)"}]
[2026-03-29T13:23:35.585Z] PENDING: [{"file":"rosenkohl_idemar__bingenheimer_.json","name":"Rosenkohl Idemar (Bingenheimer)"}]
[2026-03-29T13:24:05.585Z] PENDING: [{"file":"rosenkohl_idemar__bingenheimer_.json","name":"Rosenkohl Idemar (Bingenheimer)"}]
[2026-03-29T13:24:35.591Z] PENDING: [{"file":"rosenkohl_idemar__bingenheimer_.json","name":"Rosenkohl Idemar (Bingenheimer)"}]
[2026-03-29T13:25:05.610Z] PENDING: [{"file":"markerbse_ambassador.json","name":"Markerbse Ambassador"},{"file":"rosenkohl_idemar__bingenheimer_.json","name":"Rosenkohl Idemar (Bingenheimer)"}]
[2026-03-29T13:25:35.613Z] PENDING: [{"file":"markerbse_ambassador.json","name":"Markerbse Ambassador"},{"file":"rosenkohl_idemar__bingenheimer_.json","name":"Rosenkohl Idemar (Bingenheimer)"},{"file":"soja_snack_edamame.json","name":"Soja-Snack Edamame"}]
[2026-03-29T13:26:05.629Z] PENDING: [{"file":"gr_nkohl_halbhoher_gr_ner_krauser.json","name":"Grünkohl Halbhoher grüner Krauser"},{"file":"markerbse_ambassador.json","name":"Markerbse Ambassador"},{"file":"rosenkohl_idemar__bingenheimer_.json","name":"Rosenkohl Idemar (Bingenheimer)"},{"file":"soja_snack_edamame.json","name":"Soja-Snack Edamame"}]
[2026-03-29T13:26:35.638Z] PENDING: [{"file":"gr_nkohl_halbhoher_gr_ner_krauser.json","name":"Grünkohl Halbhoher grüner Krauser"},{"file":"markerbse_ambassador.json","name":"Markerbse Ambassador"},{"file":"rosenkohl_idemar__bingenheimer_.json","name":"Rosenkohl Idemar (Bingenheimer)"},{"file":"sellerie_monarch.json","name":"Sellerie Monarch"},{"file":"soja_snack_edamame.json","name":"Soja-Snack Edamame"}]
[2026-03-29T13:27:05.638Z] PENDING: [{"file":"gr_nkohl_halbhoher_gr_ner_krauser.json","name":"Grünkohl Halbhoher grüner Krauser"},{"file":"kohlrabi_blaro.json","name":"Kohlrabi Blaro"},{"file":"markerbse_ambassador.json","name":"Markerbse Ambassador"},{"file":"rosenkohl_idemar__bingenheimer_.json","name":"Rosenkohl Idemar (Bingenheimer)"},{"file":"sellerie_monarch.json","name":"Sellerie Monarch"},{"file":"soja_snack_edamame.json","name":"Soja-Snack Edamame"}]
[2026-03-29T13:27:35.641Z] PENDING: [{"file":"asia_salat_wasabino.json","name":"Asia Salat Wasabino"},{"file":"gr_nkohl_halbhoher_gr_ner_krauser.json","name":"Grünkohl Halbhoher grüner Krauser"},{"file":"kohlrabi_blaro.json","name":"Kohlrabi Blaro"},{"file":"markerbse_ambassador.json","name":"Markerbse Ambassador"},{"file":"rosenkohl_idemar__bingenheimer_.json","name":"Rosenkohl Idemar (Bingenheimer)"},{"file":"sellerie_monarch.json","name":"Sellerie Monarch"},{"file":"soja_snack_edamame.json","name":"Soja-Snack Edamame"}]
[2026-03-29T13:28:05.660Z] PENDING: [{"file":"asia_salat_wasabino.json","name":"Asia Salat Wasabino"},{"file":"gr_nkohl_halbhoher_gr_ner_krauser.json","name":"Grünkohl Halbhoher grüner Krauser"},{"file":"kohlrabi_blaro.json","name":"Kohlrabi Blaro"},{"file":"markerbse_ambassador.json","name":"Markerbse Ambassador"},{"file":"rosenkohl_idemar__bingenheimer_.json","name":"Rosenkohl Idemar (Bingenheimer)"},{"file":"sellerie_monarch.json","name":"Sellerie Monarch"},{"file":"soja_snack_edamame.json","name":"Soja-Snack Edamame"},{"file":"valeriana_officinalis_baldrian.json","name":"Valeriana officinalis Baldrian"}]
[2026-03-29T13:28:35.662Z] PENDING: [{"file":"asia_salat_wasabino.json","name":"Asia Salat Wasabino"},{"file":"gr_nkohl_halbhoher_gr_ner_krauser.json","name":"Grünkohl Halbhoher grüner Krauser"},{"file":"kohlrabi_blaro.json","name":"Kohlrabi Blaro"},{"file":"markerbse_ambassador.json","name":"Markerbse Ambassador"},{"file":"rosenkohl_idemar__bingenheimer_.json","name":"Rosenkohl Idemar (Bingenheimer)"},{"file":"sellerie_monarch.json","name":"Sellerie Monarch"},{"file":"soja_snack_edamame.json","name":"Soja-Snack Edamame"},{"file":"valeriana_officinalis_baldrian.json","name":"Valeriana officinalis Baldrian"},{"file":"wirsing_dunkelgr_ner_putjes.json","name":"Wirsing Dunkelgrüner Putjes"}]
[2026-03-29T13:29:05.665Z] PENDING: [{"file":"asia_salat_wasabino.json","name":"Asia Salat Wasabino"},{"file":"gr_nkohl_halbhoher_gr_ner_krauser.json","name":"Grünkohl Halbhoher grüner Krauser"},{"file":"kohlrabi_blaro.json","name":"Kohlrabi Blaro"},{"file":"markerbse_ambassador.json","name":"Markerbse Ambassador"},{"file":"rosenkohl_idemar__bingenheimer_.json","name":"Rosenkohl Idemar (Bingenheimer)"},{"file":"sellerie_monarch.json","name":"Sellerie Monarch"},{"file":"soja_snack_edamame.json","name":"Soja-Snack Edamame"},{"file":"valeriana_officinalis_baldrian.json","name":"Valeriana officinalis Baldrian"},{"file":"wirsing_dunkelgr_ner_putjes.json","name":"Wirsing Dunkelgrüner Putjes"}]
[2026-03-29T13:29:35.677Z] PENDING: [{"file":"asia_salat_wasabino.json","name":"Asia Salat Wasabino"},{"file":"gr_nkohl_halbhoher_gr_ner_krauser.json","name":"Grünkohl Halbhoher grüner Krauser"},{"file":"kohlrabi_blaro.json","name":"Kohlrabi Blaro"},{"file":"markerbse_ambassador.json","name":"Markerbse Ambassador"},{"file":"rosenkohl_idemar__bingenheimer_.json","name":"Rosenkohl Idemar (Bingenheimer)"},{"file":"sellerie_monarch.json","name":"Sellerie Monarch"},{"file":"soja_snack_edamame.json","name":"Soja-Snack Edamame"},{"file":"valeriana_officinalis_baldrian.json","name":"Valeriana officinalis Baldrian"},{"file":"wirsing_dunkelgr_ner_putjes.json","name":"Wirsing Dunkelgrüner Putjes"}]
[2026-03-29T13:30:05.679Z] PENDING: [{"file":"asia_salat_wasabino.json","name":"Asia Salat Wasabino"},{"file":"gr_nkohl_halbhoher_gr_ner_krauser.json","name":"Grünkohl Halbhoher grüner Krauser"},{"file":"kohlrabi_blaro.json","name":"Kohlrabi Blaro"},{"file":"markerbse_ambassador.json","name":"Markerbse Ambassador"},{"file":"rosenkohl_idemar__bingenheimer_.json","name":"Rosenkohl Idemar (Bingenheimer)"},{"file":"sellerie_monarch.json","name":"Sellerie Monarch"},{"file":"soja_snack_edamame.json","name":"Soja-Snack Edamame"},{"file":"valeriana_officinalis_baldrian.json","name":"Valeriana officinalis Baldrian"},{"file":"wirsing_dunkelgr_ner_putjes.json","name":"Wirsing Dunkelgrüner Putjes"}]
[2026-03-29T13:30:35.679Z] PENDING: [{"file":"asia_salat_wasabino.json","name":"Asia Salat Wasabino"},{"file":"gr_nkohl_halbhoher_gr_ner_krauser.json","name":"Grünkohl Halbhoher grüner Krauser"},{"file":"kohlrabi_blaro.json","name":"Kohlrabi Blaro"},{"file":"markerbse_ambassador.json","name":"Markerbse Ambassador"},{"file":"rosenkohl_idemar__bingenheimer_.json","name":"Rosenkohl Idemar (Bingenheimer)"},{"file":"sellerie_monarch.json","name":"Sellerie Monarch"},{"file":"soja_snack_edamame.json","name":"Soja-Snack Edamame"},{"file":"valeriana_officinalis_baldrian.json","name":"Valeriana officinalis Baldrian"},{"file":"wirsing_dunkelgr_ner_putjes.json","name":"Wirsing Dunkelgrüner Putjes"}]
[2026-03-29T13:31:05.694Z] PENDING: [{"file":"asia_salat_wasabino.json","name":"Asia Salat Wasabino"},{"file":"gr_nkohl_halbhoher_gr_ner_krauser.json","name":"Grünkohl Halbhoher grüner Krauser"},{"file":"kohlrabi_blaro.json","name":"Kohlrabi Blaro"},{"file":"markerbse_ambassador.json","name":"Markerbse Ambassador"},{"file":"rosenkohl_idemar__bingenheimer_.json","name":"Rosenkohl Idemar (Bingenheimer)"},{"file":"sellerie_monarch.json","name":"Sellerie Monarch"},{"file":"soja_snack_edamame.json","name":"Soja-Snack Edamame"},{"file":"valeriana_officinalis_baldrian.json","name":"Valeriana officinalis Baldrian"},{"file":"wirsing_dunkelgr_ner_putjes.json","name":"Wirsing Dunkelgrüner Putjes"}]
[2026-03-29T13:31:35.708Z] PENDING: [{"file":"asia_salat_wasabino.json","name":"Asia Salat Wasabino"},{"file":"gr_nkohl_halbhoher_gr_ner_krauser.json","name":"Grünkohl Halbhoher grüner Krauser"},{"file":"kohlrabi_blaro.json","name":"Kohlrabi Blaro"},{"file":"markerbse_ambassador.json","name":"Markerbse Ambassador"},{"file":"rosenkohl_idemar__bingenheimer_.json","name":"Rosenkohl Idemar (Bingenheimer)"},{"file":"sellerie_monarch.json","name":"Sellerie Monarch"},{"file":"soja_snack_edamame.json","name":"Soja-Snack Edamame"},{"file":"valeriana_officinalis_baldrian.json","name":"Valeriana officinalis Baldrian"},{"file":"wirsing_dunkelgr_ner_putjes.json","name":"Wirsing Dunkelgrüner Putjes"}]
[2026-03-29T13:32:05.720Z] PENDING: [{"file":"asia_salat_wasabino.json","name":"Asia Salat Wasabino"},{"file":"gr_nkohl_halbhoher_gr_ner_krauser.json","name":"Grünkohl Halbhoher grüner Krauser"},{"file":"kohlrabi_blaro.json","name":"Kohlrabi Blaro"},{"file":"markerbse_ambassador.json","name":"Markerbse Ambassador"},{"file":"rosenkohl_idemar__bingenheimer_.json","name":"Rosenkohl Idemar (Bingenheimer)"},{"file":"sellerie_monarch.json","name":"Sellerie Monarch"},{"file":"soja_snack_edamame.json","name":"Soja-Snack Edamame"},{"file":"valeriana_officinalis_baldrian.json","name":"Valeriana officinalis Baldrian"},{"file":"wirsing_dunkelgr_ner_putjes.json","name":"Wirsing Dunkelgrüner Putjes"}]
[2026-03-29T13:32:35.728Z] PENDING: [{"file":"asia_salat_wasabino.json","name":"Asia Salat Wasabino"},{"file":"gr_nkohl_halbhoher_gr_ner_krauser.json","name":"Grünkohl Halbhoher grüner Krauser"},{"file":"kohlrabi_blaro.json","name":"Kohlrabi Blaro"},{"file":"markerbse_ambassador.json","name":"Markerbse Ambassador"},{"file":"rosenkohl_idemar__bingenheimer_.json","name":"Rosenkohl Idemar (Bingenheimer)"},{"file":"sellerie_monarch.json","name":"Sellerie Monarch"},{"file":"soja_snack_edamame.json","name":"Soja-Snack Edamame"},{"file":"valeriana_officinalis_baldrian.json","name":"Valeriana officinalis Baldrian"},{"file":"wirsing_dunkelgr_ner_putjes.json","name":"Wirsing Dunkelgrüner Putjes"}]
[2026-03-29T13:33:05.748Z] PENDING: [{"file":"asia_salat_wasabino.json","name":"Asia Salat Wasabino"},{"file":"gr_nkohl_halbhoher_gr_ner_krauser.json","name":"Grünkohl Halbhoher grüner Krauser"},{"file":"kohlrabi_blaro.json","name":"Kohlrabi Blaro"},{"file":"markerbse_ambassador.json","name":"Markerbse Ambassador"},{"file":"rosenkohl_idemar__bingenheimer_.json","name":"Rosenkohl Idemar (Bingenheimer)"},{"file":"sellerie_monarch.json","name":"Sellerie Monarch"},{"file":"soja_snack_edamame.json","name":"Soja-Snack Edamame"},{"file":"valeriana_officinalis_baldrian.json","name":"Valeriana officinalis Baldrian"},{"file":"wirsing_dunkelgr_ner_putjes.json","name":"Wirsing Dunkelgrüner Putjes"}]
[2026-03-29T13:33:35.751Z] PENDING: [{"file":"asia_salat_wasabino.json","name":"Asia Salat Wasabino"},{"file":"gr_nkohl_halbhoher_gr_ner_krauser.json","name":"Grünkohl Halbhoher grüner Krauser"},{"file":"kohlrabi_blaro.json","name":"Kohlrabi Blaro"},{"file":"markerbse_ambassador.json","name":"Markerbse Ambassador"},{"file":"rosenkohl_idemar__bingenheimer_.json","name":"Rosenkohl Idemar (Bingenheimer)"},{"file":"sellerie_monarch.json","name":"Sellerie Monarch"},{"file":"soja_snack_edamame.json","name":"Soja-Snack Edamame"},{"file":"valeriana_officinalis_baldrian.json","name":"Valeriana officinalis Baldrian"},{"file":"wirsing_dunkelgr_ner_putjes.json","name":"Wirsing Dunkelgrüner Putjes"}]
[2026-03-29T13:34:05.769Z] PENDING: [{"file":"asia_salat_wasabino.json","name":"Asia Salat Wasabino"},{"file":"gr_nkohl_halbhoher_gr_ner_krauser.json","name":"Grünkohl Halbhoher grüner Krauser"},{"file":"kohlrabi_blaro.json","name":"Kohlrabi Blaro"},{"file":"markerbse_ambassador.json","name":"Markerbse Ambassador"},{"file":"rosenkohl_idemar__bingenheimer_.json","name":"Rosenkohl Idemar (Bingenheimer)"},{"file":"sellerie_monarch.json","name":"Sellerie Monarch"},{"file":"soja_snack_edamame.json","name":"Soja-Snack Edamame"},{"file":"valeriana_officinalis_baldrian.json","name":"Valeriana officinalis Baldrian"},{"file":"wirsing_dunkelgr_ner_putjes.json","name":"Wirsing Dunkelgrüner Putjes"}]
[2026-03-29T13:34:35.783Z] PENDING: [{"file":"asia_salat_wasabino.json","name":"Asia Salat Wasabino"},{"file":"gr_nkohl_halbhoher_gr_ner_krauser.json","name":"Grünkohl Halbhoher grüner Krauser"},{"file":"kohlrabi_blaro.json","name":"Kohlrabi Blaro"},{"file":"markerbse_ambassador.json","name":"Markerbse Ambassador"},{"file":"rosenkohl_idemar__bingenheimer_.json","name":"Rosenkohl Idemar (Bingenheimer)"},{"file":"sellerie_monarch.json","name":"Sellerie Monarch"},{"file":"soja_snack_edamame.json","name":"Soja-Snack Edamame"},{"file":"valeriana_officinalis_baldrian.json","name":"Valeriana officinalis Baldrian"},{"file":"wirsing_dunkelgr_ner_putjes.json","name":"Wirsing Dunkelgrüner Putjes"}]
[2026-03-29T13:35:05.787Z] PENDING: [{"file":"asia_salat_wasabino.json","name":"Asia Salat Wasabino"},{"file":"gr_nkohl_halbhoher_gr_ner_krauser.json","name":"Grünkohl Halbhoher grüner Krauser"},{"file":"kohlrabi_blaro.json","name":"Kohlrabi Blaro"},{"file":"markerbse_ambassador.json","name":"Markerbse Ambassador"},{"file":"rosenkohl_idemar__bingenheimer_.json","name":"Rosenkohl Idemar (Bingenheimer)"},{"file":"sellerie_monarch.json","name":"Sellerie Monarch"},{"file":"soja_snack_edamame.json","name":"Soja-Snack Edamame"},{"file":"valeriana_officinalis_baldrian.json","name":"Valeriana officinalis Baldrian"},{"file":"wirsing_dunkelgr_ner_putjes.json","name":"Wirsing Dunkelgrüner Putjes"}]
[2026-03-29T13:35:35.798Z] PENDING: [{"file":"asia_salat_wasabino.json","name":"Asia Salat Wasabino"},{"file":"gr_nkohl_halbhoher_gr_ner_krauser.json","name":"Grünkohl Halbhoher grüner Krauser"},{"file":"kohlrabi_blaro.json","name":"Kohlrabi Blaro"},{"file":"markerbse_ambassador.json","name":"Markerbse Ambassador"},{"file":"rosenkohl_idemar__bingenheimer_.json","name":"Rosenkohl Idemar (Bingenheimer)"},{"file":"sellerie_monarch.json","name":"Sellerie Monarch"},{"file":"soja_snack_edamame.json","name":"Soja-Snack Edamame"},{"file":"valeriana_officinalis_baldrian.json","name":"Valeriana officinalis Baldrian"},{"file":"wirsing_dunkelgr_ner_putjes.json","name":"Wirsing Dunkelgrüner Putjes"}]
[2026-03-29T13:46:05.987Z] PENDING: [{"file":"coriandrum_sativum.json","name":"Coriandrum sativum"}]
[2026-03-29T13:46:36.003Z] PENDING: [{"file":"coriandrum_sativum.json","name":"Coriandrum sativum"}]
[2026-03-29T13:47:06.000Z] PENDING: [{"file":"coriandrum_sativum.json","name":"Coriandrum sativum"}]
[2026-03-29T13:47:36.002Z] PENDING: [{"file":"coriandrum_sativum.json","name":"Coriandrum sativum"}]
[2026-03-29T13:48:06.011Z] PENDING: [{"file":"coriandrum_sativum.json","name":"Coriandrum sativum"}]
[2026-03-29T13:48:36.023Z] PENDING: [{"file":"coriandrum_sativum.json","name":"Coriandrum sativum"}]
[2026-03-29T13:49:06.020Z] PENDING: [{"file":"coriandrum_sativum.json","name":"Coriandrum sativum"}]
[2026-03-29T13:49:36.031Z] PENDING: [{"file":"coriandrum_sativum.json","name":"Coriandrum sativum"}]
[2026-03-29T13:50:06.032Z] PENDING: [{"file":"coriandrum_sativum.json","name":"Coriandrum sativum"}]
[2026-03-29T13:50:36.038Z] PENDING: [{"file":"coriandrum_sativum.json","name":"Coriandrum sativum"}]
[2026-03-29T13:51:06.051Z] PENDING: [{"file":"coriandrum_sativum.json","name":"Coriandrum sativum"}]
[2026-03-29T13:51:36.054Z] PENDING: [{"file":"coriandrum_sativum.json","name":"Coriandrum sativum"}]
[2026-03-29T13:52:06.061Z] PENDING: [{"file":"coriandrum_sativum.json","name":"Coriandrum sativum"}]
[2026-03-29T13:52:36.066Z] PENDING: [{"file":"coriandrum_sativum.json","name":"Coriandrum sativum"}]
[2026-03-29T13:53:06.074Z] PENDING: [{"file":"coriandrum_sativum.json","name":"Coriandrum sativum"}]
[2026-03-29T13:53:36.081Z] PENDING: [{"file":"coriandrum_sativum.json","name":"Coriandrum sativum"}]
[2026-03-29T13:54:06.097Z] PENDING: [{"file":"coriandrum_sativum.json","name":"Coriandrum sativum"}]
[2026-03-29T13:54:36.106Z] PENDING: [{"file":"coriandrum_sativum.json","name":"Coriandrum sativum"}]
[2026-03-29T13:55:06.119Z] PENDING: [{"file":"coriandrum_sativum.json","name":"Coriandrum sativum"}]
[2026-03-29T13:55:36.127Z] PENDING: [{"file":"coriandrum_sativum.json","name":"Coriandrum sativum"}]
[2026-03-29T14:25:14.346Z] PENDING: [{"file":"coriandrum_sativum.json","name":"Coriandrum sativum"}]
[2026-03-29T14:25:44.094Z] PENDING: [{"file":"coriandrum_sativum.json","name":"Coriandrum sativum"}]
[2026-03-29T14:26:14.103Z] PENDING: [{"file":"coriandrum_sativum.json","name":"Coriandrum sativum"}]
[2026-03-29T14:26:44.116Z] PENDING: [{"file":"coriandrum_sativum.json","name":"Coriandrum sativum"},{"file":"radies_sora.json","name":"Radies Sora"}]
[2026-03-29T14:27:14.128Z] PENDING: [{"file":"coriandrum_sativum.json","name":"Coriandrum sativum"},{"file":"radies_sora.json","name":"Radies Sora"},{"file":"zwiebel_rot_robelja.json","name":"Zwiebel rot Robelja"}]
[2026-03-29T14:27:44.143Z] PENDING: [{"file":"coriandrum_sativum.json","name":"Coriandrum sativum"},{"file":"radies_sora.json","name":"Radies Sora"},{"file":"zwiebel_rot_robelja.json","name":"Zwiebel rot Robelja"}]
[2026-03-29T14:28:14.144Z] PENDING: [{"file":"coriandrum_sativum.json","name":"Coriandrum sativum"},{"file":"m_hre_dolciva.json","name":"Möhre Dolciva"},{"file":"radies_sora.json","name":"Radies Sora"},{"file":"zwiebel_rot_robelja.json","name":"Zwiebel rot Robelja"}]
[2026-03-29T14:28:44.154Z] PENDING: [{"file":"coriandrum_sativum.json","name":"Coriandrum sativum"},{"file":"m_hre_dolciva.json","name":"Möhre Dolciva"},{"file":"radies_sora.json","name":"Radies Sora"},{"file":"spitzkohl_berns.json","name":"Spitzkohl Berns"},{"file":"zwiebel_rot_robelja.json","name":"Zwiebel rot Robelja"}]
[2026-03-29T14:29:14.165Z] PENDING: [{"file":"coriandrum_sativum.json","name":"Coriandrum sativum"},{"file":"m_hre_dolciva.json","name":"Möhre Dolciva"},{"file":"radies_sora.json","name":"Radies Sora"},{"file":"spitzkohl_berns.json","name":"Spitzkohl Berns"},{"file":"winterheckenzwiebel_allium_fistulosum_l_.json","name":"Winterheckenzwiebel Allium fistulosum L."},{"file":"zwiebel_rot_robelja.json","name":"Zwiebel rot Robelja"}]
[2026-03-29T14:29:44.163Z] PENDING: [{"file":"coriandrum_sativum.json","name":"Coriandrum sativum"},{"file":"m_hre_dolciva.json","name":"Möhre Dolciva"},{"file":"radies_sora.json","name":"Radies Sora"},{"file":"spitzkohl_berns.json","name":"Spitzkohl Berns"},{"file":"winterheckenzwiebel_allium_fistulosum_l_.json","name":"Winterheckenzwiebel Allium fistulosum L."},{"file":"zwiebel_rot_robelja.json","name":"Zwiebel rot Robelja"}]
[2026-03-29T14:30:14.180Z] PENDING: [{"file":"coriandrum_sativum.json","name":"Coriandrum sativum"},{"file":"knollenfenchel_perfektion.json","name":"Knollenfenchel Perfektion"},{"file":"m_hre_dolciva.json","name":"Möhre Dolciva"},{"file":"radies_sora.json","name":"Radies Sora"},{"file":"spitzkohl_berns.json","name":"Spitzkohl Berns"},{"file":"winterheckenzwiebel_allium_fistulosum_l_.json","name":"Winterheckenzwiebel Allium fistulosum L."},{"file":"zwiebel_rot_robelja.json","name":"Zwiebel rot Robelja"}]
[2026-03-29T14:30:44.190Z] PENDING: [{"file":"coriandrum_sativum.json","name":"Coriandrum sativum"},{"file":"knollenfenchel_perfektion.json","name":"Knollenfenchel Perfektion"},{"file":"m_hre_dolciva.json","name":"Möhre Dolciva"},{"file":"radies_sora.json","name":"Radies Sora"},{"file":"spitzkohl_berns.json","name":"Spitzkohl Berns"},{"file":"winterheckenzwiebel_allium_fistulosum_l_.json","name":"Winterheckenzwiebel Allium fistulosum L."},{"file":"zwiebel_rot_robelja.json","name":"Zwiebel rot Robelja"}]
[2026-03-29T14:31:14.206Z] PENDING: [{"file":"coriandrum_sativum.json","name":"Coriandrum sativum"},{"file":"knollenfenchel_perfektion.json","name":"Knollenfenchel Perfektion"},{"file":"m_hre_dolciva.json","name":"Möhre Dolciva"},{"file":"radies_sora.json","name":"Radies Sora"},{"file":"spitzkohl_berns.json","name":"Spitzkohl Berns"},{"file":"winterheckenzwiebel_allium_fistulosum_l_.json","name":"Winterheckenzwiebel Allium fistulosum L."},{"file":"zwiebel_rot_robelja.json","name":"Zwiebel rot Robelja"}]
[2026-03-29T14:31:44.223Z] PENDING: [{"file":"coriandrum_sativum.json","name":"Coriandrum sativum"},{"file":"knollenfenchel_perfektion.json","name":"Knollenfenchel Perfektion"},{"file":"m_hre_dolciva.json","name":"Möhre Dolciva"},{"file":"radies_sora.json","name":"Radies Sora"},{"file":"spitzkohl_berns.json","name":"Spitzkohl Berns"},{"file":"winterheckenzwiebel_allium_fistulosum_l_.json","name":"Winterheckenzwiebel Allium fistulosum L."},{"file":"zwiebel_rot_robelja.json","name":"Zwiebel rot Robelja"}]
[2026-03-29T14:32:14.232Z] PENDING: [{"file":"coriandrum_sativum.json","name":"Coriandrum sativum"},{"file":"knollenfenchel_perfektion.json","name":"Knollenfenchel Perfektion"},{"file":"m_hre_dolciva.json","name":"Möhre Dolciva"},{"file":"radies_sora.json","name":"Radies Sora"},{"file":"spitzkohl_berns.json","name":"Spitzkohl Berns"},{"file":"winterheckenzwiebel_allium_fistulosum_l_.json","name":"Winterheckenzwiebel Allium fistulosum L."},{"file":"zwiebel_rot_robelja.json","name":"Zwiebel rot Robelja"}]
[2026-03-29T14:32:44.236Z] PENDING: [{"file":"coriandrum_sativum.json","name":"Coriandrum sativum"},{"file":"knollenfenchel_perfektion.json","name":"Knollenfenchel Perfektion"},{"file":"m_hre_dolciva.json","name":"Möhre Dolciva"},{"file":"radies_sora.json","name":"Radies Sora"},{"file":"spitzkohl_berns.json","name":"Spitzkohl Berns"},{"file":"winterheckenzwiebel_allium_fistulosum_l_.json","name":"Winterheckenzwiebel Allium fistulosum L."},{"file":"zwiebel_rot_robelja.json","name":"Zwiebel rot Robelja"}]
